# JRE version: OpenJDK Runtime Environment Temurin-17.0.12+7 (17.0.12+7) (build 17.0.12+7)
# Java VM: OpenJDK 64-Bit Server VM Temurin-17.0.12+7 (17.0.12+7, mixed mode, emulated-client, sharing, tiered, compressed oops, compressed class ptrs, g1 gc, windows-amd64)
GC Precious Log:
 CPUs: 4 total, 4 available
 Memory: 8051M
 Large Page Support: Disabled
 NUMA Support: Disabled
 Compressed Oops: Enabled (32-bit)
 Heap Region Size: 1M
 Heap Min Capacity: 8M
 Heap Initial Capacity: 126M
 Heap Max Capacity: 2014M
 Pre-touch: Disabled
 Parallel Workers: 4
 Concurrent Workers: 1
 Concurrent Refinement Workers: 4
 Periodic GC: Disabled
Heap:
 garbage-first heap   total 58368K, used 35750K [0x0000000082200000, 0x0000000100000000)
  region size 1024K, 12 young (12288K), 2 survivors (2048K)
 Metaspace       used 52491K, committed 53056K, reserved 1114112K
  class space    used 7084K, committed 7360K, reserved 1048576K
GC Heap History (20 events):
Event: 6.867 GC heap before
{Heap before GC invocations=9 (full 0):
 garbage-first heap   total 48128K, used 34337K [0x0000000082200000, 0x0000000100000000)
  region size 1024K, 20 young (20480K), 2 survivors (2048K)
 Metaspace       used 34108K, committed 34688K, reserved 1114112K
  class space    used 4717K, committed 4992K, reserved 1048576K
}
Event: 6.871 GC heap after
{Heap after GC invocations=10 (full 0):
 garbage-first heap   total 48128K, used 18248K [0x0000000082200000, 0x0000000100000000)
  region size 1024K, 2 young (2048K), 2 survivors (2048K)
 Metaspace       used 34108K, committed 34688K, reserved 1114112K
  class space    used 4717K, committed 4992K, reserved 1048576K
}
Event: 7.135 GC heap before
{Heap before GC invocations=10 (full 0):
 garbage-first heap   total 48128K, used 31560K [0x0000000082200000, 0x0000000100000000)
  region size 1024K, 16 young (16384K), 2 survivors (2048K)
 Metaspace       used 35551K, committed 36096K, reserved 1114112K
  class space    used 4948K, committed 5248K, reserved 1048576K
}
Event: 7.146 GC heap after
{Heap after GC invocations=11 (full 0):
 garbage-first heap   total 48128K, used 19608K [0x0000000082200000, 0x0000000100000000)
  region size 1024K, 3 young (3072K), 3 survivors (3072K)
 Metaspace       used 35551K, committed 36096K, reserved 1114112K
  class space    used 4948K, committed 5248K, reserved 1048576K
}
Event: 16.886 GC heap before
{Heap before GC invocations=12 (full 0):
 garbage-first heap   total 48128K, used 34968K [0x0000000082200000, 0x0000000100000000)
  region size 1024K, 19 young (19456K), 3 survivors (3072K)
 Metaspace       used 37811K, committed 38336K, reserved 1114112K
  class space    used 5265K, committed 5504K, reserved 1048576K
}
Event: 16.892 GC heap after
{Heap after GC invocations=13 (full 0):
 garbage-first heap   total 48128K, used 21076K [0x0000000082200000, 0x0000000100000000)
  region size 1024K, 3 young (3072K), 3 survivors (3072K)
 Metaspace       used 37811K, committed 38336K, reserved 1114112K
  class space    used 5265K, committed 5504K, reserved 1048576K
}
Event: 16.920 GC heap before
{Heap before GC invocations=13 (full 0):
 garbage-first heap   total 48128K, used 22100K [0x0000000082200000, 0x0000000100000000)
  region size 1024K, 4 young (4096K), 3 survivors (3072K)
 Metaspace       used 38059K, committed 38592K, reserved 1114112K
  class space    used 5291K, committed 5504K, reserved 1048576K
}
Event: 16.925 GC heap after
{Heap after GC invocations=14 (full 0):
 garbage-first heap   total 48128K, used 20904K [0x0000000082200000, 0x0000000100000000)
  region size 1024K, 1 young (1024K), 1 survivors (1024K)
 Metaspace       used 38059K, committed 38592K, reserved 1114112K
  class space    used 5291K, committed 5504K, reserved 1048576K
}
Event: 17.577 GC heap before
{Heap before GC invocations=14 (full 0):
 garbage-first heap   total 48128K, used 37288K [0x0000000082200000, 0x0000000100000000)
  region size 1024K, 17 young (17408K), 1 survivors (1024K)
 Metaspace       used 45048K, committed 45632K, reserved 1114112K
  class space    used 6160K, committed 6464K, reserved 1048576K
}
Event: 17.581 GC heap after
{Heap after GC invocations=15 (full 0):
 garbage-first heap   total 58368K, used 22385K [0x0000000082200000, 0x0000000100000000)
  region size 1024K, 2 young (2048K), 2 survivors (2048K)
 Metaspace       used 45048K, committed 45632K, reserved 1114112K
  class space    used 6160K, committed 6464K, reserved 1048576K
}
Event: 18.325 GC heap before
{Heap before GC invocations=15 (full 0):
 garbage-first heap   total 58368K, used 44913K [0x0000000082200000, 0x0000000100000000)
  region size 1024K, 24 young (24576K), 2 survivors (2048K)
 Metaspace       used 49586K, committed 50112K, reserved 1114112K
  class space    used 6722K, committed 6976K, reserved 1048576K
}
Event: 18.331 GC heap after
{Heap after GC invocations=16 (full 0):
 garbage-first heap   total 58368K, used 25422K [0x0000000082200000, 0x0000000100000000)
  region size 1024K, 3 young (3072K), 3 survivors (3072K)
 Metaspace       used 49586K, committed 50112K, reserved 1114112K
  class space    used 6722K, committed 6976K, reserved 1048576K
}
Event: 146.915 GC heap before
{Heap before GC invocations=16 (full 0):
 garbage-first heap   total 58368K, used 44878K [0x0000000082200000, 0x0000000100000000)
  region size 1024K, 22 young (22528K), 3 survivors (3072K)
 Metaspace       used 50894K, committed 51392K, reserved 1114112K
  class space    used 6879K, committed 7104K, reserved 1048576K
}
Event: 146.919 GC heap after
{Heap after GC invocations=17 (full 0):
 garbage-first heap   total 58368K, used 26164K [0x0000000082200000, 0x0000000100000000)
  region size 1024K, 1 young (1024K), 1 survivors (1024K)
 Metaspace       used 50894K, committed 51392K, reserved 1114112K
  class space    used 6879K, committed 7104K, reserved 1048576K
}
Event: 419.607 GC heap before
{Heap before GC invocations=17 (full 0):
 garbage-first heap   total 58368K, used 45620K [0x0000000082200000, 0x0000000100000000)
  region size 1024K, 20 young (20480K), 1 survivors (1024K)
 Metaspace       used 50894K, committed 51392K, reserved 1114112K
  class space    used 6879K, committed 7104K, reserved 1048576K
}
Event: 419.610 GC heap after
{Heap after GC invocations=18 (full 0):
 garbage-first heap   total 58368K, used 25904K [0x0000000082200000, 0x0000000100000000)
  region size 1024K, 1 young (1024K), 1 survivors (1024K)
 Metaspace       used 50894K, committed 51392K, reserved 1114112K
  class space    used 6879K, committed 7104K, reserved 1048576K
}
Event: 710.238 GC heap before
{Heap before GC invocations=18 (full 0):
 garbage-first heap   total 58368K, used 46384K [0x0000000082200000, 0x0000000100000000)
  region size 1024K, 21 young (21504K), 1 survivors (1024K)
 Metaspace       used 50894K, committed 51392K, reserved 1114112K
  class space    used 6879K, committed 7104K, reserved 1048576K
}
Event: 710.247 GC heap after
{Heap after GC invocations=19 (full 0):
 garbage-first heap   total 58368K, used 25943K [0x0000000082200000, 0x0000000100000000)
  region size 1024K, 1 young (1024K), 1 survivors (1024K)
 Metaspace       used 50894K, committed 51392K, reserved 1114112K
  class space    used 6879K, committed 7104K, reserved 1048576K
}
Event: 972.434 GC heap before
{Heap before GC invocations=19 (full 0):
 garbage-first heap   total 58368K, used 47447K [0x0000000082200000, 0x0000000100000000)
  region size 1024K, 22 young (22528K), 1 survivors (1024K)
 Metaspace       used 51672K, committed 52224K, reserved 1114112K
  class space    used 6989K, committed 7296K, reserved 1048576K
}
Event: 972.468 GC heap after
{Heap after GC invocations=20 (full 0):
 garbage-first heap   total 58368K, used 26534K [0x0000000082200000, 0x0000000100000000)
  region size 1024K, 2 young (2048K), 2 survivors (2048K)
 Metaspace       used 51672K, committed 52224K, reserved 1114112K
  class space    used 6989K, committed 7296K, reserved 1048576K
}

